[0.078s] Invoking command in '/home/ubuntu/project/perception/ydlidar_ros2_ws/build/ydlidar_ros2_driver': CMAKE_PREFIX_PATH=${CMAKE_PREFIX_PATH}:/opt/ros/foxy /usr/bin/cmake --build /home/ubuntu/project/perception/ydlidar_ros2_ws/build/ydlidar_ros2_driver -- -j4 -l4
[0.704s] [100%] Built target ydlidar_ros2_driver_client
[0.706s] [100%] Built target ydlidar_ros2_driver_node
[0.744s] Invoked command in '/home/ubuntu/project/perception/ydlidar_ros2_ws/build/ydlidar_ros2_driver' returned '0': CMAKE_PREFIX_PATH=${CMAKE_PREFIX_PATH}:/opt/ros/foxy /usr/bin/cmake --build /home/ubuntu/project/perception/ydlidar_ros2_ws/build/ydlidar_ros2_driver -- -j4 -l4
[0.904s] Invoking command in '/home/ubuntu/project/perception/ydlidar_ros2_ws/build/ydlidar_ros2_driver': CMAKE_PREFIX_PATH=${CMAKE_PREFIX_PATH}:/opt/ros/foxy /usr/bin/cmake --install /home/ubuntu/project/perception/ydlidar_ros2_ws/build/ydlidar_ros2_driver
[0.939s] -- Install configuration: ""
[0.942s] -- Execute custom install script
[0.945s] -- Up-to-date symlink: /home/ubuntu/project/perception/ydlidar_ros2_ws/install/ydlidar_ros2_driver/lib/ydlidar_ros2_driver/ydlidar_ros2_driver_node
[0.947s] -- Up-to-date symlink: /home/ubuntu/project/perception/ydlidar_ros2_ws/install/ydlidar_ros2_driver/lib/ydlidar_ros2_driver/ydlidar_ros2_driver_client
[0.950s] -- Up-to-date symlink: /home/ubuntu/project/perception/ydlidar_ros2_ws/install/ydlidar_ros2_driver/share/ydlidar_ros2_driver/launch/ydlidar.py
[0.951s] -- Up-to-date symlink: /home/ubuntu/project/perception/ydlidar_ros2_ws/install/ydlidar_ros2_driver/share/ydlidar_ros2_driver/launch/ydlidar_launch.py
[0.952s] -- Up-to-date symlink: /home/ubuntu/project/perception/ydlidar_ros2_ws/install/ydlidar_ros2_driver/share/ydlidar_ros2_driver/launch/ydlidar_launch_view.py
[0.954s] -- Up-to-date symlink: /home/ubuntu/project/perception/ydlidar_ros2_ws/install/ydlidar_ros2_driver/share/ydlidar_ros2_driver/params/ydlidar.yaml
[0.955s] -- Symlinking: /home/ubuntu/project/perception/ydlidar_ros2_ws/install/ydlidar_ros2_driver/share/ydlidar_ros2_driver/params/ydlidar.yaml.back
[0.993s] -- Up-to-date symlink: /home/ubuntu/project/perception/ydlidar_ros2_ws/install/ydlidar_ros2_driver/share/ydlidar_ros2_driver/startup/initenv.sh
[0.995s] -- Up-to-date symlink: /home/ubuntu/project/perception/ydlidar_ros2_ws/install/ydlidar_ros2_driver/share/ydlidar_ros2_driver/config/ydlidar.rviz
[1.001s] -- Up-to-date symlink: /home/ubuntu/project/perception/ydlidar_ros2_ws/install/ydlidar_ros2_driver/share/ament_index/resource_index/package_run_dependencies/ydlidar_ros2_driver
[1.003s] -- Up-to-date symlink: /home/ubuntu/project/perception/ydlidar_ros2_ws/install/ydlidar_ros2_driver/share/ament_index/resource_index/parent_prefix_path/ydlidar_ros2_driver
[1.005s] -- Up-to-date symlink: /home/ubuntu/project/perception/ydlidar_ros2_ws/install/ydlidar_ros2_driver/share/ydlidar_ros2_driver/environment/ament_prefix_path.sh
[1.007s] -- Up-to-date symlink: /home/ubuntu/project/perception/ydlidar_ros2_ws/install/ydlidar_ros2_driver/share/ydlidar_ros2_driver/environment/ament_prefix_path.dsv
[1.009s] -- Up-to-date symlink: /home/ubuntu/project/perception/ydlidar_ros2_ws/install/ydlidar_ros2_driver/share/ydlidar_ros2_driver/environment/path.sh
[1.010s] -- Up-to-date symlink: /home/ubuntu/project/perception/ydlidar_ros2_ws/install/ydlidar_ros2_driver/share/ydlidar_ros2_driver/environment/path.dsv
[1.012s] -- Up-to-date symlink: /home/ubuntu/project/perception/ydlidar_ros2_ws/install/ydlidar_ros2_driver/share/ydlidar_ros2_driver/local_setup.bash
[1.013s] -- Up-to-date symlink: /home/ubuntu/project/perception/ydlidar_ros2_ws/install/ydlidar_ros2_driver/share/ydlidar_ros2_driver/local_setup.sh
[1.015s] -- Up-to-date symlink: /home/ubuntu/project/perception/ydlidar_ros2_ws/install/ydlidar_ros2_driver/share/ydlidar_ros2_driver/local_setup.zsh
[1.017s] -- Up-to-date symlink: /home/ubuntu/project/perception/ydlidar_ros2_ws/install/ydlidar_ros2_driver/share/ydlidar_ros2_driver/local_setup.dsv
[1.018s] -- Symlinking: /home/ubuntu/project/perception/ydlidar_ros2_ws/install/ydlidar_ros2_driver/share/ydlidar_ros2_driver/package.dsv
[1.053s] -- Up-to-date symlink: /home/ubuntu/project/perception/ydlidar_ros2_ws/install/ydlidar_ros2_driver/share/ament_index/resource_index/packages/ydlidar_ros2_driver
[1.054s] -- Up-to-date symlink: /home/ubuntu/project/perception/ydlidar_ros2_ws/install/ydlidar_ros2_driver/share/ydlidar_ros2_driver/cmake/ydlidar_ros2_driverConfig.cmake
[1.056s] -- Up-to-date symlink: /home/ubuntu/project/perception/ydlidar_ros2_ws/install/ydlidar_ros2_driver/share/ydlidar_ros2_driver/cmake/ydlidar_ros2_driverConfig-version.cmake
[1.057s] -- Up-to-date symlink: /home/ubuntu/project/perception/ydlidar_ros2_ws/install/ydlidar_ros2_driver/share/ydlidar_ros2_driver/package.xml
[1.065s] Invoked command in '/home/ubuntu/project/perception/ydlidar_ros2_ws/build/ydlidar_ros2_driver' returned '0': CMAKE_PREFIX_PATH=${CMAKE_PREFIX_PATH}:/opt/ros/foxy /usr/bin/cmake --install /home/ubuntu/project/perception/ydlidar_ros2_ws/build/ydlidar_ros2_driver
