[0.050s] Invoking command in '/home/ubuntu/project/nandhi/perception/ydlidar_ros2_ws/build/ydlidar_ros2_driver': CMAKE_PREFIX_PATH=${CMAKE_PREFIX_PATH}:/opt/ros/foxy /usr/bin/cmake /home/ubuntu/project/nandhi/perception/ydlidar_ros2_ws/src/ydlidar_ros2_driver -DAMENT_CMAKE_SYMLINK_INSTALL=1 -DCMAKE_INSTALL_PREFIX=/home/ubuntu/project/nandhi/perception/ydlidar_ros2_ws/install/ydlidar_ros2_driver
[0.303s] -- The C compiler identification is GNU 9.3.0
[0.531s] -- The CXX compiler identification is GNU 9.3.0
[0.550s] -- Check for working C compiler: /usr/bin/cc
[0.846s] -- Check for working C compiler: /usr/bin/cc -- works
[0.850s] -- Detecting C compiler ABI info
[1.155s] -- Detecting C compiler ABI info - done
[1.198s] -- Detecting C compile features
[1.200s] -- Detecting C compile features - done
[1.211s] -- Check for working CXX compiler: /usr/bin/c++
[1.554s] -- Check for working CXX compiler: /usr/bin/c++ -- works
[1.559s] -- Detecting CXX compiler ABI info
[1.902s] -- Detecting CXX compiler ABI info - done
[1.946s] -- Detecting CXX compile features
[1.948s] -- Detecting CXX compile features - done
[1.986s] -- Found ament_cmake: 0.9.8 (/opt/ros/foxy/share/ament_cmake/cmake)
[2.136s] -- Found PythonInterp: /usr/bin/python3 (found suitable version "3.8.10", minimum required is "3") 
[2.137s] -- Using PYTHON_EXECUTABLE: /usr/bin/python3
[2.956s] -- Override CMake install command with custom implementation using symlinks instead of copying resources
[3.250s] -- Found rclcpp: 2.3.1 (/opt/ros/foxy/share/rclcpp/cmake)
[3.675s] -- Using all available rosidl_typesupport_c: rosidl_typesupport_fastrtps_c;rosidl_typesupport_introspection_c
[3.752s] -- Found rosidl_adapter: 1.2.1 (/opt/ros/foxy/share/rosidl_adapter/cmake)
[4.374s] -- Found OpenSSL: /usr/lib/aarch64-linux-gnu/libcrypto.so (found version "1.1.1f")  
[4.639s] -- Found FastRTPS: /opt/ros/foxy/include  
[5.305s] -- Using all available rosidl_typesupport_cpp: rosidl_typesupport_fastrtps_cpp;rosidl_typesupport_introspection_cpp
[5.662s] -- Found rmw_implementation_cmake: 1.0.3 (/opt/ros/foxy/share/rmw_implementation_cmake/cmake)
[5.672s] -- Using RMW implementation 'rmw_fastrtps_cpp' as default
[5.677s] -- Looking for pthread.h
[6.003s] -- Looking for pthread.h - found
[6.005s] -- Performing Test CMAKE_HAVE_LIBC_PTHREAD
[6.348s] -- Performing Test CMAKE_HAVE_LIBC_PTHREAD - Failed
[6.349s] -- Looking for pthread_create in pthreads
[6.623s] -- Looking for pthread_create in pthreads - not found
[6.624s] -- Looking for pthread_create in pthread
[6.945s] -- Looking for pthread_create in pthread - found
[6.951s] -- Found Threads: TRUE  
[7.891s] -- Found sensor_msgs: 2.0.4 (/opt/ros/foxy/share/sensor_msgs/cmake)
[8.465s] -- Found visualization_msgs: 2.0.4 (/opt/ros/foxy/share/visualization_msgs/cmake)
[8.793s] -- Found std_srvs: 2.0.4 (/opt/ros/foxy/share/std_srvs/cmake)
[8.906s] -- Found ament_lint_auto: 0.9.6 (/opt/ros/foxy/share/ament_lint_auto/cmake)
[9.460s] -- Added test 'copyright' to check source files copyright and LICENSE
[9.560s] -- Added test 'cppcheck' to perform static code analysis on C / C++ code
[9.563s] -- Configured cppcheck include dirs: /home/ubuntu/project/nandhi/perception/ydlidar_ros2_ws/src/ydlidar_ros2_driver/src
[9.564s] -- Configured cppcheck exclude dirs and/or files: 
[9.662s] -- Added test 'cpplint' to check C / C++ code against the Google style
[9.664s] -- Configured cpplint exclude dirs and/or files: 
[9.680s] -- Added test 'flake8' to check Python code syntax and style conventions
[9.709s] -- Added test 'lint_cmake' to check CMake code style
[9.727s] -- Added test 'pep257' to check Python code against some of the style conventions in PEP 257
[9.825s] -- Added test 'uncrustify' to check C / C++ code style
[9.827s] -- Configured uncrustify additional arguments: 
[9.842s] -- Added test 'xmllint' to check XML markup files
[9.880s] -- Configuring done
[9.954s] -- Generating done
[9.963s] -- Build files have been written to: /home/ubuntu/project/nandhi/perception/ydlidar_ros2_ws/build/ydlidar_ros2_driver
[9.999s] Invoked command in '/home/ubuntu/project/nandhi/perception/ydlidar_ros2_ws/build/ydlidar_ros2_driver' returned '0': CMAKE_PREFIX_PATH=${CMAKE_PREFIX_PATH}:/opt/ros/foxy /usr/bin/cmake /home/ubuntu/project/nandhi/perception/ydlidar_ros2_ws/src/ydlidar_ros2_driver -DAMENT_CMAKE_SYMLINK_INSTALL=1 -DCMAKE_INSTALL_PREFIX=/home/ubuntu/project/nandhi/perception/ydlidar_ros2_ws/install/ydlidar_ros2_driver
[10.011s] Invoking command in '/home/ubuntu/project/nandhi/perception/ydlidar_ros2_ws/build/ydlidar_ros2_driver': CMAKE_PREFIX_PATH=${CMAKE_PREFIX_PATH}:/opt/ros/foxy /usr/bin/cmake --build /home/ubuntu/project/nandhi/perception/ydlidar_ros2_ws/build/ydlidar_ros2_driver -- -j4 -l4
[10.208s] [35m[1mScanning dependencies of target ydlidar_ros2_driver_client[0m
[10.229s] [35m[1mScanning dependencies of target ydlidar_ros2_driver_node[0m
[10.655s] [ 25%] [32mBuilding CXX object CMakeFiles/ydlidar_ros2_driver_client.dir/src/ydlidar_ros2_driver_client.cpp.o[0m
[10.682s] [ 50%] [32mBuilding CXX object CMakeFiles/ydlidar_ros2_driver_node.dir/src/ydlidar_ros2_driver_node.cpp.o[0m
[16.994s] [01m[K/home/ubuntu/project/nandhi/perception/ydlidar_ros2_ws/src/ydlidar_ros2_driver/src/ydlidar_ros2_driver_node.cpp:[m[K In lambda function:
[16.995s] [01m[K/home/ubuntu/project/nandhi/perception/ydlidar_ros2_ws/src/ydlidar_ros2_driver/src/ydlidar_ros2_driver_node.cpp:163:54:[m[K [01;35m[Kwarning: [m[Kunused parameter ‘[01m[Krequest_header[m[K’ [[01;35m[K-Wunused-parameter[m[K]
[16.996s]   163 |     [&laser]([01;35m[Kconst std::shared_ptr<rmw_request_id_t> request_header[m[K,
[16.997s]       |              [01;35m[K~~~~~~~~~~~~~~~~~~~~~~~~~~~~~~~~~~~~~~~~^~~~~~~~~~~~~~[m[K
[16.997s] [01m[K/home/ubuntu/project/nandhi/perception/ydlidar_ros2_ws/src/ydlidar_ros2_driver/src/ydlidar_ros2_driver_node.cpp:164:56:[m[K [01;35m[Kwarning: [m[Kunused parameter ‘[01m[Kreq[m[K’ [[01;35m[K-Wunused-parameter[m[K]
[16.998s]   164 |   [01;35m[Kconst std::shared_ptr<std_srvs::srv::Empty::Request> req[m[K,
[16.998s]       |   [01;35m[K~~~~~~~~~~~~~~~~~~~~~~~~~~~~~~~~~~~~~~~~~~~~~~~~~~~~~^~~[m[K
[16.999s] [01m[K/home/ubuntu/project/nandhi/perception/ydlidar_ros2_ws/src/ydlidar_ros2_driver/src/ydlidar_ros2_driver_node.cpp:165:51:[m[K [01;35m[Kwarning: [m[Kunused parameter ‘[01m[Kresponse[m[K’ [[01;35m[K-Wunused-parameter[m[K]
[17.000s]   165 |   [01;35m[Kstd::shared_ptr<std_srvs::srv::Empty::Response> response[m[K) -> bool
[17.000s]       |   [01;35m[K~~~~~~~~~~~~~~~~~~~~~~~~~~~~~~~~~~~~~~~~~~~~~~~~^~~~~~~~[m[K
[17.017s] [01m[K/home/ubuntu/project/nandhi/perception/ydlidar_ros2_ws/src/ydlidar_ros2_driver/src/ydlidar_ros2_driver_node.cpp:[m[K In lambda function:
[17.018s] [01m[K/home/ubuntu/project/nandhi/perception/ydlidar_ros2_ws/src/ydlidar_ros2_driver/src/ydlidar_ros2_driver_node.cpp:173:54:[m[K [01;35m[Kwarning: [m[Kunused parameter ‘[01m[Krequest_header[m[K’ [[01;35m[K-Wunused-parameter[m[K]
[17.019s]   173 |     [&laser]([01;35m[Kconst std::shared_ptr<rmw_request_id_t> request_header[m[K,
[17.020s]       |              [01;35m[K~~~~~~~~~~~~~~~~~~~~~~~~~~~~~~~~~~~~~~~~^~~~~~~~~~~~~~[m[K
[17.022s] [01m[K/home/ubuntu/project/nandhi/perception/ydlidar_ros2_ws/src/ydlidar_ros2_driver/src/ydlidar_ros2_driver_node.cpp:174:56:[m[K [01;35m[Kwarning: [m[Kunused parameter ‘[01m[Kreq[m[K’ [[01;35m[K-Wunused-parameter[m[K]
[17.023s]   174 |   [01;35m[Kconst std::shared_ptr<std_srvs::srv::Empty::Request> req[m[K,
[17.024s]       |   [01;35m[K~~~~~~~~~~~~~~~~~~~~~~~~~~~~~~~~~~~~~~~~~~~~~~~~~~~~~^~~[m[K
[17.026s] [01m[K/home/ubuntu/project/nandhi/perception/ydlidar_ros2_ws/src/ydlidar_ros2_driver/src/ydlidar_ros2_driver_node.cpp:175:51:[m[K [01;35m[Kwarning: [m[Kunused parameter ‘[01m[Kresponse[m[K’ [[01;35m[K-Wunused-parameter[m[K]
[17.027s]   175 |   [01;35m[Kstd::shared_ptr<std_srvs::srv::Empty::Response> response[m[K) -> bool
[17.029s]       |   [01;35m[K~~~~~~~~~~~~~~~~~~~~~~~~~~~~~~~~~~~~~~~~~~~~~~~~^~~~~~~~[m[K
[25.926s] [ 75%] [32m[1mLinking CXX executable ydlidar_ros2_driver_node[0m
[27.254s] [ 75%] Built target ydlidar_ros2_driver_node
[31.240s] [100%] [32m[1mLinking CXX executable ydlidar_ros2_driver_client[0m
[32.391s] [100%] Built target ydlidar_ros2_driver_client
[32.433s] Invoked command in '/home/ubuntu/project/nandhi/perception/ydlidar_ros2_ws/build/ydlidar_ros2_driver' returned '0': CMAKE_PREFIX_PATH=${CMAKE_PREFIX_PATH}:/opt/ros/foxy /usr/bin/cmake --build /home/ubuntu/project/nandhi/perception/ydlidar_ros2_ws/build/ydlidar_ros2_driver -- -j4 -l4
[32.597s] Invoking command in '/home/ubuntu/project/nandhi/perception/ydlidar_ros2_ws/build/ydlidar_ros2_driver': CMAKE_PREFIX_PATH=${CMAKE_PREFIX_PATH}:/opt/ros/foxy /usr/bin/cmake --install /home/ubuntu/project/nandhi/perception/ydlidar_ros2_ws/build/ydlidar_ros2_driver
[32.636s] -- Install configuration: ""
[32.638s] -- Execute custom install script
[32.644s] -- Symlinking: /home/ubuntu/project/nandhi/perception/ydlidar_ros2_ws/install/ydlidar_ros2_driver/lib/ydlidar_ros2_driver/ydlidar_ros2_driver_node
[32.681s] -- Symlinking: /home/ubuntu/project/nandhi/perception/ydlidar_ros2_ws/install/ydlidar_ros2_driver/lib/ydlidar_ros2_driver/ydlidar_ros2_driver_client
[32.718s] -- Symlinking: /home/ubuntu/project/nandhi/perception/ydlidar_ros2_ws/install/ydlidar_ros2_driver/share/ydlidar_ros2_driver/launch/ydlidar.py
[32.758s] -- Symlinking: /home/ubuntu/project/nandhi/perception/ydlidar_ros2_ws/install/ydlidar_ros2_driver/share/ydlidar_ros2_driver/launch/ydlidar_launch.py
[32.794s] -- Symlinking: /home/ubuntu/project/nandhi/perception/ydlidar_ros2_ws/install/ydlidar_ros2_driver/share/ydlidar_ros2_driver/launch/ydlidar_launch_view.py
[32.832s] -- Symlinking: /home/ubuntu/project/nandhi/perception/ydlidar_ros2_ws/install/ydlidar_ros2_driver/share/ydlidar_ros2_driver/params/ydlidar.yaml
[32.867s] -- Symlinking: /home/ubuntu/project/nandhi/perception/ydlidar_ros2_ws/install/ydlidar_ros2_driver/share/ydlidar_ros2_driver/params/ydlidar.yaml.back
[32.903s] -- Symlinking: /home/ubuntu/project/nandhi/perception/ydlidar_ros2_ws/install/ydlidar_ros2_driver/share/ydlidar_ros2_driver/startup/initenv.sh
[32.940s] -- Symlinking: /home/ubuntu/project/nandhi/perception/ydlidar_ros2_ws/install/ydlidar_ros2_driver/share/ydlidar_ros2_driver/config/ydlidar.rviz
[32.976s] -- Symlinking: /home/ubuntu/project/nandhi/perception/ydlidar_ros2_ws/install/ydlidar_ros2_driver/share/ament_index/resource_index/package_run_dependencies/ydlidar_ros2_driver
[33.014s] -- Symlinking: /home/ubuntu/project/nandhi/perception/ydlidar_ros2_ws/install/ydlidar_ros2_driver/share/ament_index/resource_index/parent_prefix_path/ydlidar_ros2_driver
[33.052s] -- Symlinking: /home/ubuntu/project/nandhi/perception/ydlidar_ros2_ws/install/ydlidar_ros2_driver/share/ydlidar_ros2_driver/environment/ament_prefix_path.sh
[33.088s] -- Symlinking: /home/ubuntu/project/nandhi/perception/ydlidar_ros2_ws/install/ydlidar_ros2_driver/share/ydlidar_ros2_driver/environment/ament_prefix_path.dsv
[33.124s] -- Symlinking: /home/ubuntu/project/nandhi/perception/ydlidar_ros2_ws/install/ydlidar_ros2_driver/share/ydlidar_ros2_driver/environment/path.sh
[33.160s] -- Symlinking: /home/ubuntu/project/nandhi/perception/ydlidar_ros2_ws/install/ydlidar_ros2_driver/share/ydlidar_ros2_driver/environment/path.dsv
[33.199s] -- Symlinking: /home/ubuntu/project/nandhi/perception/ydlidar_ros2_ws/install/ydlidar_ros2_driver/share/ydlidar_ros2_driver/local_setup.bash
[33.235s] -- Symlinking: /home/ubuntu/project/nandhi/perception/ydlidar_ros2_ws/install/ydlidar_ros2_driver/share/ydlidar_ros2_driver/local_setup.sh
[33.271s] -- Symlinking: /home/ubuntu/project/nandhi/perception/ydlidar_ros2_ws/install/ydlidar_ros2_driver/share/ydlidar_ros2_driver/local_setup.zsh
[33.307s] -- Symlinking: /home/ubuntu/project/nandhi/perception/ydlidar_ros2_ws/install/ydlidar_ros2_driver/share/ydlidar_ros2_driver/local_setup.dsv
[33.344s] -- Symlinking: /home/ubuntu/project/nandhi/perception/ydlidar_ros2_ws/install/ydlidar_ros2_driver/share/ydlidar_ros2_driver/package.dsv
[33.381s] -- Symlinking: /home/ubuntu/project/nandhi/perception/ydlidar_ros2_ws/install/ydlidar_ros2_driver/share/ament_index/resource_index/packages/ydlidar_ros2_driver
[33.423s] -- Symlinking: /home/ubuntu/project/nandhi/perception/ydlidar_ros2_ws/install/ydlidar_ros2_driver/share/ydlidar_ros2_driver/cmake/ydlidar_ros2_driverConfig.cmake
[33.472s] -- Symlinking: /home/ubuntu/project/nandhi/perception/ydlidar_ros2_ws/install/ydlidar_ros2_driver/share/ydlidar_ros2_driver/cmake/ydlidar_ros2_driverConfig-version.cmake
[33.516s] -- Symlinking: /home/ubuntu/project/nandhi/perception/ydlidar_ros2_ws/install/ydlidar_ros2_driver/share/ydlidar_ros2_driver/package.xml
[33.559s] Invoked command in '/home/ubuntu/project/nandhi/perception/ydlidar_ros2_ws/build/ydlidar_ros2_driver' returned '0': CMAKE_PREFIX_PATH=${CMAKE_PREFIX_PATH}:/opt/ros/foxy /usr/bin/cmake --install /home/ubuntu/project/nandhi/perception/ydlidar_ros2_ws/build/ydlidar_ros2_driver
