[0.047s] Invoking command in '/home/ubuntu/project/perception/ydlidar_ros2_ws/build/ydlidar_ros2_driver': CMAKE_PREFIX_PATH=/opt/ros/foxy /usr/bin/cmake /home/ubuntu/project/perception/ydlidar_ros2_ws/src/ydlidar_ros2_driver -DAMENT_CMAKE_SYMLINK_INSTALL=1 -DCMAKE_INSTALL_PREFIX=/home/ubuntu/project/perception/ydlidar_ros2_ws/install/ydlidar_ros2_driver
[0.293s] -- The C compiler identification is GNU 9.3.0
[0.512s] -- The CXX compiler identification is GNU 9.3.0
[0.530s] -- Check for working C compiler: /usr/bin/cc
[0.809s] -- Check for working C compiler: /usr/bin/cc -- works
[0.812s] -- Detecting C compiler ABI info
[1.093s] -- Detecting C compiler ABI info - done
[1.133s] -- Detecting C compile features
[1.134s] -- Detecting C compile features - done
[1.144s] -- Check for working CXX compiler: /usr/bin/c++
[1.457s] -- Check for working CXX compiler: /usr/bin/c++ -- works
[1.461s] -- Detecting CXX compiler ABI info
[1.779s] -- Detecting CXX compiler ABI info - done
[1.820s] -- Detecting CXX compile features
[1.822s] -- Detecting CXX compile features - done
[1.844s] -- Found ament_cmake: 0.9.8 (/opt/ros/foxy/share/ament_cmake/cmake)
[1.967s] -- Found PythonInterp: /usr/bin/python3 (found suitable version "3.8.10", minimum required is "3") 
[1.968s] -- Using PYTHON_EXECUTABLE: /usr/bin/python3
[2.725s] -- Override CMake install command with custom implementation using symlinks instead of copying resources
[2.950s] -- Found rclcpp: 2.3.1 (/opt/ros/foxy/share/rclcpp/cmake)
[3.312s] -- Using all available rosidl_typesupport_c: rosidl_typesupport_fastrtps_c;rosidl_typesupport_introspection_c
[3.369s] -- Found rosidl_adapter: 1.2.1 (/opt/ros/foxy/share/rosidl_adapter/cmake)
[3.941s] -- Found OpenSSL: /usr/lib/aarch64-linux-gnu/libcrypto.so (found version "1.1.1f")  
[4.200s] -- Found FastRTPS: /opt/ros/foxy/include  
[4.803s] -- Using all available rosidl_typesupport_cpp: rosidl_typesupport_fastrtps_cpp;rosidl_typesupport_introspection_cpp
[5.088s] -- Found rmw_implementation_cmake: 1.0.3 (/opt/ros/foxy/share/rmw_implementation_cmake/cmake)
[5.094s] -- Using RMW implementation 'rmw_fastrtps_cpp' as default
[5.098s] -- Looking for pthread.h
[5.398s] -- Looking for pthread.h - found
[5.398s] -- Performing Test CMAKE_HAVE_LIBC_PTHREAD
[5.699s] -- Performing Test CMAKE_HAVE_LIBC_PTHREAD - Failed
[5.699s] -- Looking for pthread_create in pthreads
[5.995s] -- Looking for pthread_create in pthreads - not found
[5.995s] -- Looking for pthread_create in pthread
[6.285s] -- Looking for pthread_create in pthread - found
[6.289s] -- Found Threads: TRUE  
[6.969s] -- Found sensor_msgs: 2.0.4 (/opt/ros/foxy/share/sensor_msgs/cmake)
[7.443s] -- Found visualization_msgs: 2.0.4 (/opt/ros/foxy/share/visualization_msgs/cmake)
[7.732s] -- Found std_srvs: 2.0.4 (/opt/ros/foxy/share/std_srvs/cmake)
[7.816s] -- Found ament_lint_auto: 0.9.6 (/opt/ros/foxy/share/ament_lint_auto/cmake)
[8.242s] -- Added test 'copyright' to check source files copyright and LICENSE
[8.363s] -- Added test 'cppcheck' to perform static code analysis on C / C++ code
[8.365s] -- Configured cppcheck include dirs: /home/ubuntu/project/perception/ydlidar_ros2_ws/src/ydlidar_ros2_driver/src
[8.365s] -- Configured cppcheck exclude dirs and/or files: 
[8.452s] -- Added test 'cpplint' to check C / C++ code against the Google style
[8.452s] -- Configured cpplint exclude dirs and/or files: 
[8.465s] -- Added test 'flake8' to check Python code syntax and style conventions
[8.488s] -- Added test 'lint_cmake' to check CMake code style
[8.501s] -- Added test 'pep257' to check Python code against some of the style conventions in PEP 257
[8.587s] -- Added test 'uncrustify' to check C / C++ code style
[8.588s] -- Configured uncrustify additional arguments: 
[8.600s] -- Added test 'xmllint' to check XML markup files
[8.629s] -- Configuring done
[8.693s] -- Generating done
[8.701s] -- Build files have been written to: /home/ubuntu/project/perception/ydlidar_ros2_ws/build/ydlidar_ros2_driver
[8.733s] Invoked command in '/home/ubuntu/project/perception/ydlidar_ros2_ws/build/ydlidar_ros2_driver' returned '0': CMAKE_PREFIX_PATH=/opt/ros/foxy /usr/bin/cmake /home/ubuntu/project/perception/ydlidar_ros2_ws/src/ydlidar_ros2_driver -DAMENT_CMAKE_SYMLINK_INSTALL=1 -DCMAKE_INSTALL_PREFIX=/home/ubuntu/project/perception/ydlidar_ros2_ws/install/ydlidar_ros2_driver
[8.743s] Invoking command in '/home/ubuntu/project/perception/ydlidar_ros2_ws/build/ydlidar_ros2_driver': CMAKE_PREFIX_PATH=/opt/ros/foxy /usr/bin/cmake --build /home/ubuntu/project/perception/ydlidar_ros2_ws/build/ydlidar_ros2_driver -- -j4 -l4
[8.913s] [35m[1mScanning dependencies of target ydlidar_ros2_driver_node[0m
[8.914s] [35m[1mScanning dependencies of target ydlidar_ros2_driver_client[0m
[9.121s] [ 50%] [32mBuilding CXX object CMakeFiles/ydlidar_ros2_driver_client.dir/src/ydlidar_ros2_driver_client.cpp.o[0m
[9.122s] [ 50%] [32mBuilding CXX object CMakeFiles/ydlidar_ros2_driver_node.dir/src/ydlidar_ros2_driver_node.cpp.o[0m
[15.468s] [01m[K/home/ubuntu/project/perception/ydlidar_ros2_ws/src/ydlidar_ros2_driver/src/ydlidar_ros2_driver_node.cpp:[m[K In lambda function:
[15.468s] [01m[K/home/ubuntu/project/perception/ydlidar_ros2_ws/src/ydlidar_ros2_driver/src/ydlidar_ros2_driver_node.cpp:163:54:[m[K [01;35m[Kwarning: [m[Kunused parameter ‘[01m[Krequest_header[m[K’ [[01;35m[K-Wunused-parameter[m[K]
[15.469s]   163 |     [&laser]([01;35m[Kconst std::shared_ptr<rmw_request_id_t> request_header[m[K,
[15.470s]       |              [01;35m[K~~~~~~~~~~~~~~~~~~~~~~~~~~~~~~~~~~~~~~~~^~~~~~~~~~~~~~[m[K
[15.470s] [01m[K/home/ubuntu/project/perception/ydlidar_ros2_ws/src/ydlidar_ros2_driver/src/ydlidar_ros2_driver_node.cpp:164:56:[m[K [01;35m[Kwarning: [m[Kunused parameter ‘[01m[Kreq[m[K’ [[01;35m[K-Wunused-parameter[m[K]
[15.471s]   164 |   [01;35m[Kconst std::shared_ptr<std_srvs::srv::Empty::Request> req[m[K,
[15.471s]       |   [01;35m[K~~~~~~~~~~~~~~~~~~~~~~~~~~~~~~~~~~~~~~~~~~~~~~~~~~~~~^~~[m[K
[15.472s] [01m[K/home/ubuntu/project/perception/ydlidar_ros2_ws/src/ydlidar_ros2_driver/src/ydlidar_ros2_driver_node.cpp:165:51:[m[K [01;35m[Kwarning: [m[Kunused parameter ‘[01m[Kresponse[m[K’ [[01;35m[K-Wunused-parameter[m[K]
[15.473s]   165 |   [01;35m[Kstd::shared_ptr<std_srvs::srv::Empty::Response> response[m[K) -> bool
[15.473s]       |   [01;35m[K~~~~~~~~~~~~~~~~~~~~~~~~~~~~~~~~~~~~~~~~~~~~~~~~^~~~~~~~[m[K
[15.490s] [01m[K/home/ubuntu/project/perception/ydlidar_ros2_ws/src/ydlidar_ros2_driver/src/ydlidar_ros2_driver_node.cpp:[m[K In lambda function:
[15.490s] [01m[K/home/ubuntu/project/perception/ydlidar_ros2_ws/src/ydlidar_ros2_driver/src/ydlidar_ros2_driver_node.cpp:173:54:[m[K [01;35m[Kwarning: [m[Kunused parameter ‘[01m[Krequest_header[m[K’ [[01;35m[K-Wunused-parameter[m[K]
[15.491s]   173 |     [&laser]([01;35m[Kconst std::shared_ptr<rmw_request_id_t> request_header[m[K,
[15.492s]       |              [01;35m[K~~~~~~~~~~~~~~~~~~~~~~~~~~~~~~~~~~~~~~~~^~~~~~~~~~~~~~[m[K
[15.492s] [01m[K/home/ubuntu/project/perception/ydlidar_ros2_ws/src/ydlidar_ros2_driver/src/ydlidar_ros2_driver_node.cpp:174:56:[m[K [01;35m[Kwarning: [m[Kunused parameter ‘[01m[Kreq[m[K’ [[01;35m[K-Wunused-parameter[m[K]
[15.493s]   174 |   [01;35m[Kconst std::shared_ptr<std_srvs::srv::Empty::Request> req[m[K,
[15.494s]       |   [01;35m[K~~~~~~~~~~~~~~~~~~~~~~~~~~~~~~~~~~~~~~~~~~~~~~~~~~~~~^~~[m[K
[15.494s] [01m[K/home/ubuntu/project/perception/ydlidar_ros2_ws/src/ydlidar_ros2_driver/src/ydlidar_ros2_driver_node.cpp:175:51:[m[K [01;35m[Kwarning: [m[Kunused parameter ‘[01m[Kresponse[m[K’ [[01;35m[K-Wunused-parameter[m[K]
[15.495s]   175 |   [01;35m[Kstd::shared_ptr<std_srvs::srv::Empty::Response> response[m[K) -> bool
[15.495s]       |   [01;35m[K~~~~~~~~~~~~~~~~~~~~~~~~~~~~~~~~~~~~~~~~~~~~~~~~^~~~~~~~[m[K
[24.580s] [ 75%] [32m[1mLinking CXX executable ydlidar_ros2_driver_node[0m
[25.711s] [ 75%] Built target ydlidar_ros2_driver_node
[29.796s] [100%] [32m[1mLinking CXX executable ydlidar_ros2_driver_client[0m
[30.946s] [100%] Built target ydlidar_ros2_driver_client
[30.986s] Invoked command in '/home/ubuntu/project/perception/ydlidar_ros2_ws/build/ydlidar_ros2_driver' returned '0': CMAKE_PREFIX_PATH=/opt/ros/foxy /usr/bin/cmake --build /home/ubuntu/project/perception/ydlidar_ros2_ws/build/ydlidar_ros2_driver -- -j4 -l4
[31.143s] Invoking command in '/home/ubuntu/project/perception/ydlidar_ros2_ws/build/ydlidar_ros2_driver': CMAKE_PREFIX_PATH=/opt/ros/foxy /usr/bin/cmake --install /home/ubuntu/project/perception/ydlidar_ros2_ws/build/ydlidar_ros2_driver
[31.175s] -- Install configuration: ""
[31.177s] -- Execute custom install script
[31.179s] -- Symlinking: /home/ubuntu/project/perception/ydlidar_ros2_ws/install/ydlidar_ros2_driver/lib/ydlidar_ros2_driver/ydlidar_ros2_driver_node
[31.214s] -- Symlinking: /home/ubuntu/project/perception/ydlidar_ros2_ws/install/ydlidar_ros2_driver/lib/ydlidar_ros2_driver/ydlidar_ros2_driver_client
[31.250s] -- Symlinking: /home/ubuntu/project/perception/ydlidar_ros2_ws/install/ydlidar_ros2_driver/share/ydlidar_ros2_driver/launch/ydlidar.py
[31.283s] -- Symlinking: /home/ubuntu/project/perception/ydlidar_ros2_ws/install/ydlidar_ros2_driver/share/ydlidar_ros2_driver/launch/ydlidar_launch.py
[31.316s] -- Symlinking: /home/ubuntu/project/perception/ydlidar_ros2_ws/install/ydlidar_ros2_driver/share/ydlidar_ros2_driver/launch/ydlidar_launch_view.py
[31.352s] -- Symlinking: /home/ubuntu/project/perception/ydlidar_ros2_ws/install/ydlidar_ros2_driver/share/ydlidar_ros2_driver/params/ydlidar.yaml
[31.386s] -- Symlinking: /home/ubuntu/project/perception/ydlidar_ros2_ws/install/ydlidar_ros2_driver/share/ydlidar_ros2_driver/startup/initenv.sh
[31.421s] -- Symlinking: /home/ubuntu/project/perception/ydlidar_ros2_ws/install/ydlidar_ros2_driver/share/ydlidar_ros2_driver/config/ydlidar.rviz
[31.456s] -- Symlinking: /home/ubuntu/project/perception/ydlidar_ros2_ws/install/ydlidar_ros2_driver/share/ament_index/resource_index/package_run_dependencies/ydlidar_ros2_driver
[31.491s] -- Symlinking: /home/ubuntu/project/perception/ydlidar_ros2_ws/install/ydlidar_ros2_driver/share/ament_index/resource_index/parent_prefix_path/ydlidar_ros2_driver
[31.526s] -- Symlinking: /home/ubuntu/project/perception/ydlidar_ros2_ws/install/ydlidar_ros2_driver/share/ydlidar_ros2_driver/environment/ament_prefix_path.sh
[31.560s] -- Symlinking: /home/ubuntu/project/perception/ydlidar_ros2_ws/install/ydlidar_ros2_driver/share/ydlidar_ros2_driver/environment/ament_prefix_path.dsv
[31.594s] -- Symlinking: /home/ubuntu/project/perception/ydlidar_ros2_ws/install/ydlidar_ros2_driver/share/ydlidar_ros2_driver/environment/path.sh
[31.628s] -- Symlinking: /home/ubuntu/project/perception/ydlidar_ros2_ws/install/ydlidar_ros2_driver/share/ydlidar_ros2_driver/environment/path.dsv
[31.662s] -- Symlinking: /home/ubuntu/project/perception/ydlidar_ros2_ws/install/ydlidar_ros2_driver/share/ydlidar_ros2_driver/local_setup.bash
[31.696s] -- Symlinking: /home/ubuntu/project/perception/ydlidar_ros2_ws/install/ydlidar_ros2_driver/share/ydlidar_ros2_driver/local_setup.sh
[31.730s] -- Symlinking: /home/ubuntu/project/perception/ydlidar_ros2_ws/install/ydlidar_ros2_driver/share/ydlidar_ros2_driver/local_setup.zsh
[31.764s] -- Symlinking: /home/ubuntu/project/perception/ydlidar_ros2_ws/install/ydlidar_ros2_driver/share/ydlidar_ros2_driver/local_setup.dsv
[31.799s] -- Symlinking: /home/ubuntu/project/perception/ydlidar_ros2_ws/install/ydlidar_ros2_driver/share/ydlidar_ros2_driver/package.dsv
[31.833s] -- Symlinking: /home/ubuntu/project/perception/ydlidar_ros2_ws/install/ydlidar_ros2_driver/share/ament_index/resource_index/packages/ydlidar_ros2_driver
[31.868s] -- Symlinking: /home/ubuntu/project/perception/ydlidar_ros2_ws/install/ydlidar_ros2_driver/share/ydlidar_ros2_driver/cmake/ydlidar_ros2_driverConfig.cmake
[31.901s] -- Symlinking: /home/ubuntu/project/perception/ydlidar_ros2_ws/install/ydlidar_ros2_driver/share/ydlidar_ros2_driver/cmake/ydlidar_ros2_driverConfig-version.cmake
[31.935s] -- Symlinking: /home/ubuntu/project/perception/ydlidar_ros2_ws/install/ydlidar_ros2_driver/share/ydlidar_ros2_driver/package.xml
[31.975s] Invoked command in '/home/ubuntu/project/perception/ydlidar_ros2_ws/build/ydlidar_ros2_driver' returned '0': CMAKE_PREFIX_PATH=/opt/ros/foxy /usr/bin/cmake --install /home/ubuntu/project/perception/ydlidar_ros2_ws/build/ydlidar_ros2_driver
