Performing C++ SOURCE FILE Test CMAKE_HAVE_LIBC_PTHREAD failed with the following output:
Change Dir: /home/ubuntu/project/nandhi/build/CMakeFiles/CMakeTmp

Run Build Command(s):/usr/bin/make cmTC_73529/fast && make[1]: Entering directory '/home/ubuntu/project/nandhi/build/CMakeFiles/CMakeTmp'
/usr/bin/make -f CMakeFiles/cmTC_73529.dir/build.make CMakeFiles/cmTC_73529.dir/build
make[2]: Entering directory '/home/ubuntu/project/nandhi/build/CMakeFiles/CMakeTmp'
Building CXX object CMakeFiles/cmTC_73529.dir/src.cxx.o
/usr/bin/c++    -DCMAKE_HAVE_LIBC_PTHREAD   -std=gnu++14 -o CMakeFiles/cmTC_73529.dir/src.cxx.o -c /home/ubuntu/project/nandhi/build/CMakeFiles/CMakeTmp/src.cxx
Linking CXX executable cmTC_73529
/usr/bin/cmake -E cmake_link_script CMakeFiles/cmTC_73529.dir/link.txt --verbose=1
/usr/bin/c++   -DCMAKE_HAVE_LIBC_PTHREAD    CMakeFiles/cmTC_73529.dir/src.cxx.o  -o cmTC_73529 
/usr/bin/ld: CMakeFiles/cmTC_73529.dir/src.cxx.o: in function `main':
src.cxx:(.text+0x48): undefined reference to `pthread_create'
/usr/bin/ld: src.cxx:(.text+0x50): undefined reference to `pthread_detach'
/usr/bin/ld: src.cxx:(.text+0x5c): undefined reference to `pthread_join'
collect2: error: ld returned 1 exit status
make[2]: *** [CMakeFiles/cmTC_73529.dir/build.make:87: cmTC_73529] Error 1
make[2]: Leaving directory '/home/ubuntu/project/nandhi/build/CMakeFiles/CMakeTmp'
make[1]: *** [Makefile:121: cmTC_73529/fast] Error 2
make[1]: Leaving directory '/home/ubuntu/project/nandhi/build/CMakeFiles/CMakeTmp'


Source file was:
#include <pthread.h>

void* test_func(void* data)
{
  return data;
}

int main(void)
{
  pthread_t thread;
  pthread_create(&thread, NULL, test_func, NULL);
  pthread_detach(thread);
  pthread_join(thread, NULL);
  pthread_atfork(NULL, NULL, NULL);
  pthread_exit(NULL);

  return 0;
}

Determining if the function pthread_create exists in the pthreads failed with the following output:
Change Dir: /home/ubuntu/project/nandhi/build/CMakeFiles/CMakeTmp

Run Build Command(s):/usr/bin/make cmTC_2e088/fast && make[1]: Entering directory '/home/ubuntu/project/nandhi/build/CMakeFiles/CMakeTmp'
/usr/bin/make -f CMakeFiles/cmTC_2e088.dir/build.make CMakeFiles/cmTC_2e088.dir/build
make[2]: Entering directory '/home/ubuntu/project/nandhi/build/CMakeFiles/CMakeTmp'
Building CXX object CMakeFiles/cmTC_2e088.dir/CheckFunctionExists.cxx.o
/usr/bin/c++    -DCHECK_FUNCTION_EXISTS=pthread_create   -std=gnu++14 -o CMakeFiles/cmTC_2e088.dir/CheckFunctionExists.cxx.o -c /home/ubuntu/project/nandhi/build/CMakeFiles/CheckLibraryExists/CheckFunctionExists.cxx
Linking CXX executable cmTC_2e088
/usr/bin/cmake -E cmake_link_script CMakeFiles/cmTC_2e088.dir/link.txt --verbose=1
/usr/bin/c++   -DCHECK_FUNCTION_EXISTS=pthread_create    CMakeFiles/cmTC_2e088.dir/CheckFunctionExists.cxx.o  -o cmTC_2e088  -lpthreads 
/usr/bin/ld: cannot find -lpthreads
collect2: error: ld returned 1 exit status
make[2]: *** [CMakeFiles/cmTC_2e088.dir/build.make:87: cmTC_2e088] Error 1
make[2]: Leaving directory '/home/ubuntu/project/nandhi/build/CMakeFiles/CMakeTmp'
make[1]: *** [Makefile:121: cmTC_2e088/fast] Error 2
make[1]: Leaving directory '/home/ubuntu/project/nandhi/build/CMakeFiles/CMakeTmp'



